<?xml version="1.0" encoding="UTF-8"?>
<!-- Generated by org.testng.reporters.JUnitReportReporter -->
<testsuite hostname="DESKTOP-4A1G1BH" failures="0" tests="1" name="automationTestRunner.AutomationTestCase2" time="48.076" errors="0" timestamp="2024-07-30T19:17:08 IST" skipped="0">
  <testcase classname="automationTestRunner.AutomationTestCase2" name="runScenario" time="48.076"/>
</testsuite> <!-- automationTestRunner.AutomationTestCase2 -->
