<?xml version="1.0" encoding="UTF-8"?>
<!-- Generated by org.testng.reporters.JUnitReportReporter -->
<testsuite hostname="DESKTOP-4A1G1BH" failures="0" tests="1" name="automationTestRunner.AutomationTestCase13" time="10.998" errors="0" timestamp="2024-07-27T03:49:19 IST" skipped="0">
  <testcase classname="automationTestRunner.AutomationTestCase13" name="runScenario" time="10.998"/>
</testsuite> <!-- automationTestRunner.AutomationTestCase13 -->
