<?xml version="1.0" encoding="UTF-8"?>
<!-- Generated by org.testng.reporters.JUnitReportReporter -->
<testsuite hostname="DESKTOP-4A1G1BH" failures="0" tests="1" name="automationTestRunner.AutomationTestCase5" time="12.555" errors="0" timestamp="2024-07-25T11:09:35 IST" skipped="0">
  <testcase classname="automationTestRunner.AutomationTestCase5" name="runScenario" time="12.555"/>
</testsuite> <!-- automationTestRunner.AutomationTestCase5 -->
