<?xml version="1.0" encoding="UTF-8"?>
<!-- Generated by org.testng.reporters.JUnitReportReporter -->
<testsuite hostname="DESKTOP-4A1G1BH" failures="0" tests="1" name="automationTestRunner.AutomationTestCase7" time="8.742" errors="0" timestamp="2024-07-25T13:02:19 IST" skipped="0">
  <testcase classname="automationTestRunner.AutomationTestCase7" name="runScenario" time="8.742"/>
</testsuite> <!-- automationTestRunner.AutomationTestCase7 -->
