<?xml version="1.0" encoding="UTF-8"?>
<!-- Generated by org.testng.reporters.JUnitReportReporter -->
<testsuite hostname="DESKTOP-4A1G1BH" failures="0" tests="1" name="automationTestRunner.AutomationTestCase19" time="12.079" errors="0" timestamp="2024-07-29T20:52:30 IST" skipped="0">
  <testcase classname="automationTestRunner.AutomationTestCase19" name="runScenario" time="12.079"/>
</testsuite> <!-- automationTestRunner.AutomationTestCase19 -->
