<?xml version="1.0" encoding="UTF-8"?>
<!-- Generated by org.testng.reporters.JUnitReportReporter -->
<testsuite hostname="DESKTOP-4A1G1BH" failures="0" tests="1" name="automationTestRunner.AutomationTestCase1" time="28.776" errors="0" timestamp="2024-07-29T14:09:27 IST" skipped="0">
  <testcase classname="automationTestRunner.AutomationTestCase1" name="runScenario" time="28.776"/>
</testsuite> <!-- automationTestRunner.AutomationTestCase1 -->
