<?xml version="1.0" encoding="UTF-8"?>
<!-- Generated by org.testng.reporters.JUnitReportReporter -->
<testsuite hostname="DESKTOP-4A1G1BH" failures="0" tests="1" name="automationTestRunner.AutomationTestCase18" time="27.465" errors="0" timestamp="2024-07-29T15:55:56 IST" skipped="0">
  <testcase classname="automationTestRunner.AutomationTestCase18" name="runScenario" time="27.465"/>
</testsuite> <!-- automationTestRunner.AutomationTestCase18 -->
