<?xml version="1.0" encoding="UTF-8"?>
<!-- Generated by org.testng.reporters.JUnitReportReporter -->
<testsuite hostname="DESKTOP-4A1G1BH" failures="0" tests="1" name="automationTestRunner.AutomationTestCase20" time="42.643" errors="0" timestamp="2024-07-29T21:52:16 IST" skipped="0">
  <testcase classname="automationTestRunner.AutomationTestCase20" name="runScenario" time="42.643"/>
</testsuite> <!-- automationTestRunner.AutomationTestCase20 -->
