<?xml version="1.0" encoding="UTF-8"?>
<!-- Generated by org.testng.reporters.JUnitReportReporter -->
<testsuite hostname="DESKTOP-4A1G1BH" failures="0" tests="1" name="automationTestRunner.AutomationTestCase17" time="23.359" errors="0" timestamp="2024-07-29T16:00:19 IST" skipped="0">
  <testcase classname="automationTestRunner.AutomationTestCase17" name="runScenario" time="23.359"/>
</testsuite> <!-- automationTestRunner.AutomationTestCase17 -->
