<?xml version="1.0" encoding="UTF-8"?>
<!-- Generated by org.testng.reporters.JUnitReportReporter -->
<testsuite hostname="DESKTOP-4A1G1BH" failures="0" tests="1" name="automationTestRunner.AutomationTestCase15" time="25.164" errors="0" timestamp="2024-07-29T14:05:41 IST" skipped="0">
  <testcase classname="automationTestRunner.AutomationTestCase15" name="runScenario" time="25.164"/>
</testsuite> <!-- automationTestRunner.AutomationTestCase15 -->
