<?xml version="1.0" encoding="UTF-8"?>
<!-- Generated by org.testng.reporters.JUnitReportReporter -->
<testsuite hostname="DESKTOP-4A1G1BH" failures="0" tests="1" name="automationTestRunner.AutomationTestCase26" time="9.324" errors="0" timestamp="2024-07-31T00:10:18 IST" skipped="0">
  <testcase classname="automationTestRunner.AutomationTestCase26" name="runScenario" time="9.324"/>
</testsuite> <!-- automationTestRunner.AutomationTestCase26 -->
