<?xml version="1.0" encoding="UTF-8"?>
<!-- Generated by org.testng.reporters.JUnitReportReporter -->
<testsuite hostname="DESKTOP-4A1G1BH" failures="0" tests="1" name="automationTestRunner.AutomationTestCase22" time="23.597" errors="0" timestamp="2024-07-30T14:35:36 IST" skipped="0">
  <testcase classname="automationTestRunner.AutomationTestCase22" name="runScenario" time="23.597"/>
</testsuite> <!-- automationTestRunner.AutomationTestCase22 -->
