<?xml version="1.0" encoding="UTF-8"?>
<!-- Generated by org.testng.reporters.JUnitReportReporter -->
<testsuite hostname="DESKTOP-4A1G1BH" failures="0" tests="1" name="automationTestRunner.AutomationTestCase3" time="12.471" errors="0" timestamp="2024-07-27T01:48:12 IST" skipped="0">
  <testcase classname="automationTestRunner.AutomationTestCase3" name="runScenario" time="12.471"/>
</testsuite> <!-- automationTestRunner.AutomationTestCase3 -->
