<?xml version="1.0" encoding="UTF-8"?>
<!-- Generated by org.testng.reporters.JUnitReportReporter -->
<testsuite hostname="DESKTOP-4A1G1BH" failures="0" tests="1" name="automationTestRunner.AutomationTestCase12" time="12.189" errors="0" timestamp="2024-07-27T03:07:34 IST" skipped="0">
  <testcase classname="automationTestRunner.AutomationTestCase12" name="runScenario" time="12.189"/>
</testsuite> <!-- automationTestRunner.AutomationTestCase12 -->
