<?xml version="1.0" encoding="UTF-8"?>
<!-- Generated by org.testng.reporters.JUnitReportReporter -->
<testsuite hostname="DESKTOP-4A1G1BH" failures="0" tests="1" name="automationTestRunner.AutomationTestCase8" time="12.022" errors="0" timestamp="2024-07-25T14:34:14 IST" skipped="0">
  <testcase classname="automationTestRunner.AutomationTestCase8" name="runScenario" time="12.022"/>
</testsuite> <!-- automationTestRunner.AutomationTestCase8 -->
