<?xml version="1.0" encoding="UTF-8"?>
<!-- Generated by org.testng.reporters.JUnitReportReporter -->
<testsuite hostname="DESKTOP-4A1G1BH" failures="0" tests="1" name="automationTestRunner.AutomationTestCase9" time="14.992" errors="0" timestamp="2024-07-27T01:21:08 IST" skipped="0">
  <testcase classname="automationTestRunner.AutomationTestCase9" name="runScenario" time="14.992"/>
</testsuite> <!-- automationTestRunner.AutomationTestCase9 -->
