<?xml version="1.0" encoding="UTF-8"?>
<!-- Generated by org.testng.reporters.JUnitReportReporter -->
<testsuite hostname="DESKTOP-4A1G1BH" failures="0" tests="1" name="automationTestRunner.AutomationTestCase24" time="38.492" errors="0" timestamp="2024-07-30T20:18:05 IST" skipped="0">
  <testcase classname="automationTestRunner.AutomationTestCase24" name="runScenario" time="38.492"/>
</testsuite> <!-- automationTestRunner.AutomationTestCase24 -->
