<?xml version="1.0" encoding="UTF-8"?>
<!-- Generated by org.testng.reporters.JUnitReportReporter -->
<testsuite hostname="DESKTOP-4A1G1BH" failures="0" tests="1" name="automationTestRunner.AutomationTestCase6" time="22.540" errors="0" timestamp="2024-07-25T12:39:46 IST" skipped="0">
  <testcase classname="automationTestRunner.AutomationTestCase6" name="runScenario" time="22.540"/>
</testsuite> <!-- automationTestRunner.AutomationTestCase6 -->
