<?xml version="1.0" encoding="UTF-8"?>
<!-- Generated by org.testng.reporters.JUnitReportReporter -->
<testsuite hostname="DESKTOP-4A1G1BH" failures="0" tests="1" name="automationTestRunner.AutomationTestCase23" time="61.418" errors="0" timestamp="2024-07-30T19:36:54 IST" skipped="0">
  <testcase classname="automationTestRunner.AutomationTestCase23" name="runScenario" time="61.418"/>
</testsuite> <!-- automationTestRunner.AutomationTestCase23 -->
