<?xml version="1.0" encoding="UTF-8"?>
<!-- Generated by org.testng.reporters.JUnitReportReporter -->
<testsuite hostname="DESKTOP-4A1G1BH" failures="0" tests="1" name="automationTestRunner.AutomationTestCase10" time="13.774" errors="0" timestamp="2024-07-27T02:17:26 IST" skipped="0">
  <testcase classname="automationTestRunner.AutomationTestCase10" name="runScenario" time="13.774"/>
</testsuite> <!-- automationTestRunner.AutomationTestCase10 -->
